This file contains any messages produced by compilers while
running configure, to aid debugging if configure makes a mistake.

It was created by xcowsay configure 1.4, which was
generated by GNU Autoconf 2.69.  Invocation command line was

  $ ../configure 

## --------- ##
## Platform. ##
## --------- ##

hostname = trickstival-Aspire-A515-51
uname -m = x86_64
uname -r = 4.15.0-72-generic
uname -s = Linux
uname -v = #81-Ubuntu SMP Tue Nov 26 12:20:02 UTC 2019

/usr/bin/uname -p = unknown
/bin/uname -X     = unknown

/bin/arch              = unknown
/usr/bin/arch -k       = unknown
/usr/convex/getsysinfo = unknown
/usr/bin/hostinfo      = unknown
/bin/machine           = unknown
/usr/bin/oslevel       = unknown
/bin/universe          = unknown

PATH: /home/trickstival/.yarn/bin
PATH: /home/trickstival/.config/yarn/global/node_modules/.bin
PATH: /home/trickstival/.nvm/versions/node/v12.9.0/bin
PATH: /home/trickstival/bin
PATH: /usr/local/bin
PATH: /home/trickstival/.nvm/versions/node/v11.10.1/bin/npm
PATH: /usr/local/sbin
PATH: /usr/local/bin
PATH: /usr/sbin
PATH: /usr/bin
PATH: /sbin
PATH: /bin
PATH: /usr/games
PATH: /usr/local/games
PATH: /snap/bin


## ----------- ##
## Core tests. ##
## ----------- ##

configure:2325: checking for a BSD-compatible install
configure:2393: result: /usr/bin/install -c
configure:2404: checking whether build environment is sane
configure:2459: result: yes
configure:2610: checking for a thread-safe mkdir -p
configure:2649: result: /bin/mkdir -p
configure:2656: checking for gawk
configure:2672: found /usr/bin/gawk
configure:2683: result: gawk
configure:2694: checking whether make sets $(MAKE)
configure:2716: result: yes
configure:2745: checking whether make supports nested variables
configure:2762: result: yes
configure:2938: checking for gcc
configure:2954: found /usr/bin/gcc
configure:2965: result: gcc
configure:3194: checking for C compiler version
configure:3203: gcc --version >&5
gcc (Ubuntu 7.4.0-1ubuntu1~18.04.1) 7.4.0
Copyright (C) 2017 Free Software Foundation, Inc.
This is free software; see the source for copying conditions.  There is NO
warranty; not even for MERCHANTABILITY or FITNESS FOR A PARTICULAR PURPOSE.

configure:3214: $? = 0
configure:3203: gcc -v >&5
Using built-in specs.
COLLECT_GCC=gcc
COLLECT_LTO_WRAPPER=/usr/lib/gcc/x86_64-linux-gnu/7/lto-wrapper
OFFLOAD_TARGET_NAMES=nvptx-none
OFFLOAD_TARGET_DEFAULT=1
Target: x86_64-linux-gnu
Configured with: ../src/configure -v --with-pkgversion='Ubuntu 7.4.0-1ubuntu1~18.04.1' --with-bugurl=file:///usr/share/doc/gcc-7/README.Bugs --enable-languages=c,ada,c++,go,brig,d,fortran,objc,obj-c++ --prefix=/usr --with-gcc-major-version-only --program-suffix=-7 --program-prefix=x86_64-linux-gnu- --enable-shared --enable-linker-build-id --libexecdir=/usr/lib --without-included-gettext --enable-threads=posix --libdir=/usr/lib --enable-nls --with-sysroot=/ --enable-clocale=gnu --enable-libstdcxx-debug --enable-libstdcxx-time=yes --with-default-libstdcxx-abi=new --enable-gnu-unique-object --disable-vtable-verify --enable-libmpx --enable-plugin --enable-default-pie --with-system-zlib --with-target-system-zlib --enable-objc-gc=auto --enable-multiarch --disable-werror --with-arch-32=i686 --with-abi=m64 --with-multilib-list=m32,m64,mx32 --enable-multilib --with-tune=generic --enable-offload-targets=nvptx-none --without-cuda-driver --enable-checking=release --build=x86_64-linux-gnu --host=x86_64-linux-gnu --target=x86_64-linux-gnu
Thread model: posix
gcc version 7.4.0 (Ubuntu 7.4.0-1ubuntu1~18.04.1) 
configure:3214: $? = 0
configure:3203: gcc -V >&5
gcc: error: unrecognized command line option '-V'
gcc: fatal error: no input files
compilation terminated.
configure:3214: $? = 1
configure:3203: gcc -qversion >&5
gcc: error: unrecognized command line option '-qversion'; did you mean '--version'?
gcc: fatal error: no input files
compilation terminated.
configure:3214: $? = 1
configure:3234: checking whether the C compiler works
configure:3256: gcc    conftest.c  >&5
configure:3260: $? = 0
configure:3308: result: yes
configure:3311: checking for C compiler default output file name
configure:3313: result: a.out
configure:3319: checking for suffix of executables
configure:3326: gcc -o conftest    conftest.c  >&5
configure:3330: $? = 0
configure:3352: result: 
configure:3374: checking whether we are cross compiling
configure:3382: gcc -o conftest    conftest.c  >&5
configure:3386: $? = 0
configure:3393: ./conftest
configure:3397: $? = 0
configure:3412: result: no
configure:3417: checking for suffix of object files
configure:3439: gcc -c   conftest.c >&5
configure:3443: $? = 0
configure:3464: result: o
configure:3468: checking whether we are using the GNU C compiler
configure:3487: gcc -c   conftest.c >&5
configure:3487: $? = 0
configure:3496: result: yes
configure:3505: checking whether gcc accepts -g
configure:3525: gcc -c -g  conftest.c >&5
configure:3525: $? = 0
configure:3566: result: yes
configure:3583: checking for gcc option to accept ISO C89
configure:3646: gcc  -c -g -O2  conftest.c >&5
configure:3646: $? = 0
configure:3659: result: none needed
configure:3684: checking whether gcc understands -c and -o together
configure:3706: gcc -c conftest.c -o conftest2.o
configure:3709: $? = 0
configure:3706: gcc -c conftest.c -o conftest2.o
configure:3709: $? = 0
configure:3721: result: yes
configure:3749: checking for style of include used by make
configure:3777: result: GNU
configure:3803: checking dependency style of gcc
configure:3914: result: gcc3
configure:3934: checking for gawk
configure:3961: result: gawk
configure:3972: checking whether ln -s works
configure:3976: result: yes
configure:3988: checking how to run the C preprocessor
configure:4019: gcc -E  conftest.c
configure:4019: $? = 0
configure:4033: gcc -E  conftest.c
conftest.c:11:10: fatal error: ac_nonexistent.h: No such file or directory
 #include <ac_nonexistent.h>
          ^~~~~~~~~~~~~~~~~~
compilation terminated.
configure:4033: $? = 1
configure: failed program was:
| /* confdefs.h */
| #define PACKAGE_NAME "xcowsay"
| #define PACKAGE_TARNAME "xcowsay"
| #define PACKAGE_VERSION "1.4"
| #define PACKAGE_STRING "xcowsay 1.4"
| #define PACKAGE_BUGREPORT "Nick Gasson <nick@nick.me.uk>"
| #define PACKAGE_URL ""
| #define PACKAGE "xcowsay"
| #define VERSION "1.4"
| /* end confdefs.h.  */
| #include <ac_nonexistent.h>
configure:4058: result: gcc -E
configure:4078: gcc -E  conftest.c
configure:4078: $? = 0
configure:4092: gcc -E  conftest.c
conftest.c:11:10: fatal error: ac_nonexistent.h: No such file or directory
 #include <ac_nonexistent.h>
          ^~~~~~~~~~~~~~~~~~
compilation terminated.
configure:4092: $? = 1
configure: failed program was:
| /* confdefs.h */
| #define PACKAGE_NAME "xcowsay"
| #define PACKAGE_TARNAME "xcowsay"
| #define PACKAGE_VERSION "1.4"
| #define PACKAGE_STRING "xcowsay 1.4"
| #define PACKAGE_BUGREPORT "Nick Gasson <nick@nick.me.uk>"
| #define PACKAGE_URL ""
| #define PACKAGE "xcowsay"
| #define VERSION "1.4"
| /* end confdefs.h.  */
| #include <ac_nonexistent.h>
configure:4124: checking for a sed that does not truncate output
configure:4188: result: /bin/sed
configure:4194: checking whether NLS is requested
configure:4203: result: yes
configure:4243: checking for msgfmt
configure: trying /usr/bin/msgfmt...
0 translated messages.
configure:4275: result: /usr/bin/msgfmt
configure:4284: checking for gmsgfmt
configure:4315: result: /usr/bin/msgfmt
configure:4365: checking for xgettext
configure: trying /usr/bin/xgettext...
/usr/bin/xgettext: warning: file '/dev/null' extension '' is unknown; will try C
configure:4397: result: /usr/bin/xgettext
configure:4442: checking for msgmerge
configure: trying /usr/bin/msgmerge...
configure:4473: result: /usr/bin/msgmerge
configure:4510: checking build system type
configure:4524: result: x86_64-pc-linux-gnu
configure:4544: checking host system type
configure:4557: result: x86_64-pc-linux-gnu
configure:4602: checking for ld used by gcc
configure:4669: result: /usr/bin/ld
configure:4676: checking if the linker (/usr/bin/ld) is GNU ld
configure:4691: result: yes
configure:4698: checking for shared library run path origin
configure:4711: result: done
configure:4732: checking for grep that handles long lines and -e
configure:4790: result: /bin/grep
configure:4795: checking for egrep
configure:4857: result: /bin/grep -E
configure:5415: checking for CFPreferencesCopyAppValue
configure:5433: gcc -o conftest -g -O2   conftest.c  -Wl,-framework -Wl,CoreFoundation >&5
conftest.c:11:10: fatal error: CoreFoundation/CFPreferences.h: No such file or directory
 #include <CoreFoundation/CFPreferences.h>
          ^~~~~~~~~~~~~~~~~~~~~~~~~~~~~~~~
compilation terminated.
configure:5433: $? = 1
configure: failed program was:
| /* confdefs.h */
| #define PACKAGE_NAME "xcowsay"
| #define PACKAGE_TARNAME "xcowsay"
| #define PACKAGE_VERSION "1.4"
| #define PACKAGE_STRING "xcowsay 1.4"
| #define PACKAGE_BUGREPORT "Nick Gasson <nick@nick.me.uk>"
| #define PACKAGE_URL ""
| #define PACKAGE "xcowsay"
| #define VERSION "1.4"
| /* end confdefs.h.  */
| #include <CoreFoundation/CFPreferences.h>
| int
| main ()
| {
| CFPreferencesCopyAppValue(NULL, NULL)
|   ;
|   return 0;
| }
configure:5442: result: no
configure:5449: checking for CFLocaleCopyCurrent
configure:5467: gcc -o conftest -g -O2   conftest.c  -Wl,-framework -Wl,CoreFoundation >&5
conftest.c:11:10: fatal error: CoreFoundation/CFLocale.h: No such file or directory
 #include <CoreFoundation/CFLocale.h>
          ^~~~~~~~~~~~~~~~~~~~~~~~~~~
compilation terminated.
configure:5467: $? = 1
configure: failed program was:
| /* confdefs.h */
| #define PACKAGE_NAME "xcowsay"
| #define PACKAGE_TARNAME "xcowsay"
| #define PACKAGE_VERSION "1.4"
| #define PACKAGE_STRING "xcowsay 1.4"
| #define PACKAGE_BUGREPORT "Nick Gasson <nick@nick.me.uk>"
| #define PACKAGE_URL ""
| #define PACKAGE "xcowsay"
| #define VERSION "1.4"
| /* end confdefs.h.  */
| #include <CoreFoundation/CFLocale.h>
| int
| main ()
| {
| CFLocaleCopyCurrent();
|   ;
|   return 0;
| }
configure:5476: result: no
configure:5525: checking for GNU gettext in libc
configure:5549: gcc -o conftest -g -O2   conftest.c  >&5
configure:5549: $? = 0
configure:5558: result: yes
configure:6386: checking whether to use NLS
configure:6388: result: yes
configure:6391: checking where the gettext function comes from
configure:6402: result: libc
configure:6462: checking for ANSI C header files
configure:6482: gcc -c -g -O2  conftest.c >&5
configure:6482: $? = 0
configure:6555: gcc -o conftest -g -O2   conftest.c  >&5
configure:6555: $? = 0
configure:6555: ./conftest
configure:6555: $? = 0
configure:6566: result: yes
configure:6579: checking for sys/types.h
configure:6579: gcc -c -g -O2  conftest.c >&5
configure:6579: $? = 0
configure:6579: result: yes
configure:6579: checking for sys/stat.h
configure:6579: gcc -c -g -O2  conftest.c >&5
configure:6579: $? = 0
configure:6579: result: yes
configure:6579: checking for stdlib.h
configure:6579: gcc -c -g -O2  conftest.c >&5
configure:6579: $? = 0
configure:6579: result: yes
configure:6579: checking for string.h
configure:6579: gcc -c -g -O2  conftest.c >&5
configure:6579: $? = 0
configure:6579: result: yes
configure:6579: checking for memory.h
configure:6579: gcc -c -g -O2  conftest.c >&5
configure:6579: $? = 0
configure:6579: result: yes
configure:6579: checking for strings.h
configure:6579: gcc -c -g -O2  conftest.c >&5
configure:6579: $? = 0
configure:6579: result: yes
configure:6579: checking for inttypes.h
configure:6579: gcc -c -g -O2  conftest.c >&5
configure:6579: $? = 0
configure:6579: result: yes
configure:6579: checking for stdint.h
configure:6579: gcc -c -g -O2  conftest.c >&5
configure:6579: $? = 0
configure:6579: result: yes
configure:6579: checking for unistd.h
configure:6579: gcc -c -g -O2  conftest.c >&5
configure:6579: $? = 0
configure:6579: result: yes
configure:6594: checking fcntl.h usability
configure:6594: gcc -c -g -O2  conftest.c >&5
configure:6594: $? = 0
configure:6594: result: yes
configure:6594: checking fcntl.h presence
configure:6594: gcc -E  conftest.c
configure:6594: $? = 0
configure:6594: result: yes
configure:6594: checking for fcntl.h
configure:6594: result: yes
configure:6594: checking libintl.h usability
configure:6594: gcc -c -g -O2  conftest.c >&5
configure:6594: $? = 0
configure:6594: result: yes
configure:6594: checking libintl.h presence
configure:6594: gcc -E  conftest.c
configure:6594: $? = 0
configure:6594: result: yes
configure:6594: checking for libintl.h
configure:6594: result: yes
configure:6594: checking locale.h usability
configure:6594: gcc -c -g -O2  conftest.c >&5
configure:6594: $? = 0
configure:6594: result: yes
configure:6594: checking locale.h presence
configure:6594: gcc -E  conftest.c
configure:6594: $? = 0
configure:6594: result: yes
configure:6594: checking for locale.h
configure:6594: result: yes
configure:6594: checking for stdlib.h
configure:6594: result: yes
configure:6594: checking for string.h
configure:6594: result: yes
configure:6594: checking limits.h usability
configure:6594: gcc -c -g -O2  conftest.c >&5
configure:6594: $? = 0
configure:6594: result: yes
configure:6594: checking limits.h presence
configure:6594: gcc -E  conftest.c
configure:6594: $? = 0
configure:6594: result: yes
configure:6594: checking for limits.h
configure:6594: result: yes
configure:6606: checking for stdbool.h that conforms to C99
configure:6673: gcc -c -g -O2  conftest.c >&5
configure:6673: $? = 0
configure:6680: result: yes
configure:6682: checking for _Bool
configure:6682: gcc -c -g -O2  conftest.c >&5
configure:6682: $? = 0
configure:6682: gcc -c -g -O2  conftest.c >&5
conftest.c: In function 'main':
conftest.c:66:20: error: expected expression before ')' token
 if (sizeof ((_Bool)))
                    ^
configure:6682: $? = 1
configure: failed program was:
| /* confdefs.h */
| #define PACKAGE_NAME "xcowsay"
| #define PACKAGE_TARNAME "xcowsay"
| #define PACKAGE_VERSION "1.4"
| #define PACKAGE_STRING "xcowsay 1.4"
| #define PACKAGE_BUGREPORT "Nick Gasson <nick@nick.me.uk>"
| #define PACKAGE_URL ""
| #define PACKAGE "xcowsay"
| #define VERSION "1.4"
| #define ENABLE_NLS 1
| #define HAVE_GETTEXT 1
| #define HAVE_DCGETTEXT 1
| #define STDC_HEADERS 1
| #define HAVE_SYS_TYPES_H 1
| #define HAVE_SYS_STAT_H 1
| #define HAVE_STDLIB_H 1
| #define HAVE_STRING_H 1
| #define HAVE_MEMORY_H 1
| #define HAVE_STRINGS_H 1
| #define HAVE_INTTYPES_H 1
| #define HAVE_STDINT_H 1
| #define HAVE_UNISTD_H 1
| #define HAVE_FCNTL_H 1
| #define HAVE_LIBINTL_H 1
| #define HAVE_LOCALE_H 1
| #define HAVE_STDLIB_H 1
| #define HAVE_STRING_H 1
| #define HAVE_LIMITS_H 1
| /* end confdefs.h.  */
| #include <stdio.h>
| #ifdef HAVE_SYS_TYPES_H
| # include <sys/types.h>
| #endif
| #ifdef HAVE_SYS_STAT_H
| # include <sys/stat.h>
| #endif
| #ifdef STDC_HEADERS
| # include <stdlib.h>
| # include <stddef.h>
| #else
| # ifdef HAVE_STDLIB_H
| #  include <stdlib.h>
| # endif
| #endif
| #ifdef HAVE_STRING_H
| # if !defined STDC_HEADERS && defined HAVE_MEMORY_H
| #  include <memory.h>
| # endif
| # include <string.h>
| #endif
| #ifdef HAVE_STRINGS_H
| # include <strings.h>
| #endif
| #ifdef HAVE_INTTYPES_H
| # include <inttypes.h>
| #endif
| #ifdef HAVE_STDINT_H
| # include <stdint.h>
| #endif
| #ifdef HAVE_UNISTD_H
| # include <unistd.h>
| #endif
| int
| main ()
| {
| if (sizeof ((_Bool)))
| 	    return 0;
|   ;
|   return 0;
| }
configure:6682: result: yes
configure:6699: checking for an ANSI C-conforming const
configure:6765: gcc -c -g -O2  conftest.c >&5
configure:6765: $? = 0
configure:6772: result: yes
configure:6780: checking for size_t
configure:6780: gcc -c -g -O2  conftest.c >&5
configure:6780: $? = 0
configure:6780: gcc -c -g -O2  conftest.c >&5
conftest.c: In function 'main':
conftest.c:68:21: error: expected expression before ')' token
 if (sizeof ((size_t)))
                     ^
configure:6780: $? = 1
configure: failed program was:
| /* confdefs.h */
| #define PACKAGE_NAME "xcowsay"
| #define PACKAGE_TARNAME "xcowsay"
| #define PACKAGE_VERSION "1.4"
| #define PACKAGE_STRING "xcowsay 1.4"
| #define PACKAGE_BUGREPORT "Nick Gasson <nick@nick.me.uk>"
| #define PACKAGE_URL ""
| #define PACKAGE "xcowsay"
| #define VERSION "1.4"
| #define ENABLE_NLS 1
| #define HAVE_GETTEXT 1
| #define HAVE_DCGETTEXT 1
| #define STDC_HEADERS 1
| #define HAVE_SYS_TYPES_H 1
| #define HAVE_SYS_STAT_H 1
| #define HAVE_STDLIB_H 1
| #define HAVE_STRING_H 1
| #define HAVE_MEMORY_H 1
| #define HAVE_STRINGS_H 1
| #define HAVE_INTTYPES_H 1
| #define HAVE_STDINT_H 1
| #define HAVE_UNISTD_H 1
| #define HAVE_FCNTL_H 1
| #define HAVE_LIBINTL_H 1
| #define HAVE_LOCALE_H 1
| #define HAVE_STDLIB_H 1
| #define HAVE_STRING_H 1
| #define HAVE_LIMITS_H 1
| #define HAVE__BOOL 1
| #define HAVE_STDBOOL_H 1
| /* end confdefs.h.  */
| #include <stdio.h>
| #ifdef HAVE_SYS_TYPES_H
| # include <sys/types.h>
| #endif
| #ifdef HAVE_SYS_STAT_H
| # include <sys/stat.h>
| #endif
| #ifdef STDC_HEADERS
| # include <stdlib.h>
| # include <stddef.h>
| #else
| # ifdef HAVE_STDLIB_H
| #  include <stdlib.h>
| # endif
| #endif
| #ifdef HAVE_STRING_H
| # if !defined STDC_HEADERS && defined HAVE_MEMORY_H
| #  include <memory.h>
| # endif
| # include <string.h>
| #endif
| #ifdef HAVE_STRINGS_H
| # include <strings.h>
| #endif
| #ifdef HAVE_INTTYPES_H
| # include <inttypes.h>
| #endif
| #ifdef HAVE_STDINT_H
| # include <stdint.h>
| #endif
| #ifdef HAVE_UNISTD_H
| # include <unistd.h>
| #endif
| int
| main ()
| {
| if (sizeof ((size_t)))
| 	    return 0;
|   ;
|   return 0;
| }
configure:6780: result: yes
configure:6795: checking for stdlib.h
configure:6795: result: yes
configure:6805: checking for GNU libc compatible malloc
configure:6829: gcc -o conftest -g -O2   conftest.c  >&5
configure:6829: $? = 0
configure:6829: ./conftest
configure:6829: $? = 0
configure:6839: result: yes
configure:6864: checking for strtol
configure:6864: gcc -o conftest -g -O2   conftest.c  >&5
configure:6864: $? = 0
configure:6864: result: yes
configure:6864: checking for setlocale
configure:6864: gcc -o conftest -g -O2   conftest.c  >&5
configure:6864: $? = 0
configure:6864: result: yes
configure:6864: checking for strcasecmp
configure:6864: gcc -o conftest -g -O2   conftest.c  >&5
conftest.c:59:6: warning: conflicting types for built-in function 'strcasecmp' [-Wbuiltin-declaration-mismatch]
 char strcasecmp ();
      ^~~~~~~~~~
configure:6864: $? = 0
configure:6864: result: yes
configure:6864: checking for strdup
configure:6864: gcc -o conftest -g -O2   conftest.c  >&5
conftest.c:60:6: warning: conflicting types for built-in function 'strdup' [-Wbuiltin-declaration-mismatch]
 char strdup ();
      ^~~~~~
configure:6864: $? = 0
configure:6864: result: yes
configure:6864: checking for strchr
configure:6864: gcc -o conftest -g -O2   conftest.c  >&5
conftest.c:61:6: warning: conflicting types for built-in function 'strchr' [-Wbuiltin-declaration-mismatch]
 char strchr ();
      ^~~~~~
configure:6864: $? = 0
configure:6864: result: yes
configure:6864: checking for getcwd
configure:6864: gcc -o conftest -g -O2   conftest.c  >&5
configure:6864: $? = 0
configure:6864: result: yes
configure:6864: checking for strerror
configure:6864: gcc -o conftest -g -O2   conftest.c  >&5
configure:6864: $? = 0
configure:6864: result: yes
configure:6864: checking for realpath
configure:6864: gcc -o conftest -g -O2   conftest.c  >&5
configure:6864: $? = 0
configure:6864: result: yes
configure:6877: checking for pid_t
configure:6877: gcc -c -g -O2  conftest.c >&5
configure:6877: $? = 0
configure:6877: gcc -c -g -O2  conftest.c >&5
conftest.c: In function 'main':
conftest.c:78:20: error: expected expression before ')' token
 if (sizeof ((pid_t)))
                    ^
configure:6877: $? = 1
configure: failed program was:
| /* confdefs.h */
| #define PACKAGE_NAME "xcowsay"
| #define PACKAGE_TARNAME "xcowsay"
| #define PACKAGE_VERSION "1.4"
| #define PACKAGE_STRING "xcowsay 1.4"
| #define PACKAGE_BUGREPORT "Nick Gasson <nick@nick.me.uk>"
| #define PACKAGE_URL ""
| #define PACKAGE "xcowsay"
| #define VERSION "1.4"
| #define ENABLE_NLS 1
| #define HAVE_GETTEXT 1
| #define HAVE_DCGETTEXT 1
| #define STDC_HEADERS 1
| #define HAVE_SYS_TYPES_H 1
| #define HAVE_SYS_STAT_H 1
| #define HAVE_STDLIB_H 1
| #define HAVE_STRING_H 1
| #define HAVE_MEMORY_H 1
| #define HAVE_STRINGS_H 1
| #define HAVE_INTTYPES_H 1
| #define HAVE_STDINT_H 1
| #define HAVE_UNISTD_H 1
| #define HAVE_FCNTL_H 1
| #define HAVE_LIBINTL_H 1
| #define HAVE_LOCALE_H 1
| #define HAVE_STDLIB_H 1
| #define HAVE_STRING_H 1
| #define HAVE_LIMITS_H 1
| #define HAVE__BOOL 1
| #define HAVE_STDBOOL_H 1
| #define HAVE_STDLIB_H 1
| #define HAVE_MALLOC 1
| #define HAVE_STRTOL 1
| #define HAVE_SETLOCALE 1
| #define HAVE_STRCASECMP 1
| #define HAVE_STRDUP 1
| #define HAVE_STRCHR 1
| #define HAVE_GETCWD 1
| #define HAVE_STRERROR 1
| #define HAVE_REALPATH 1
| /* end confdefs.h.  */
| #include <stdio.h>
| #ifdef HAVE_SYS_TYPES_H
| # include <sys/types.h>
| #endif
| #ifdef HAVE_SYS_STAT_H
| # include <sys/stat.h>
| #endif
| #ifdef STDC_HEADERS
| # include <stdlib.h>
| # include <stddef.h>
| #else
| # ifdef HAVE_STDLIB_H
| #  include <stdlib.h>
| # endif
| #endif
| #ifdef HAVE_STRING_H
| # if !defined STDC_HEADERS && defined HAVE_MEMORY_H
| #  include <memory.h>
| # endif
| # include <string.h>
| #endif
| #ifdef HAVE_STRINGS_H
| # include <strings.h>
| #endif
| #ifdef HAVE_INTTYPES_H
| # include <inttypes.h>
| #endif
| #ifdef HAVE_STDINT_H
| # include <stdint.h>
| #endif
| #ifdef HAVE_UNISTD_H
| # include <unistd.h>
| #endif
| int
| main ()
| {
| if (sizeof ((pid_t)))
| 	    return 0;
|   ;
|   return 0;
| }
configure:6877: result: yes
configure:7164: checking for pkg-config
configure:7182: found /usr/bin/pkg-config
configure:7194: result: /usr/bin/pkg-config
configure:7219: checking pkg-config is at least version 0.9.0
configure:7222: result: yes
configure:7232: checking for XCOWSAY
configure:7239: $PKG_CONFIG --exists --print-errors "$modules"
configure:7242: $? = 0
configure:7256: $PKG_CONFIG --exists --print-errors "$modules"
configure:7259: $? = 0
configure:7317: result: yes
configure:7473: checking that generated files are newer than configure
configure:7479: result: done
configure:7502: creating ./config.status

## ---------------------- ##
## Running config.status. ##
## ---------------------- ##

This file was extended by xcowsay config.status 1.4, which was
generated by GNU Autoconf 2.69.  Invocation command line was

  CONFIG_FILES    = 
  CONFIG_HEADERS  = 
  CONFIG_LINKS    = 
  CONFIG_COMMANDS = 
  $ ./config.status 

on trickstival-Aspire-A515-51

config.status:924: creating Makefile
config.status:924: creating src/Makefile
config.status:924: creating po/Makefile.in
config.status:924: creating config.h
config.status:1138: executing depfiles commands
config.status:1138: executing po-directories commands

## ---------------- ##
## Cache variables. ##
## ---------------- ##

ac_cv_build=x86_64-pc-linux-gnu
ac_cv_c_compiler_gnu=yes
ac_cv_c_const=yes
ac_cv_env_CC_set=
ac_cv_env_CC_value=
ac_cv_env_CFLAGS_set=
ac_cv_env_CFLAGS_value=
ac_cv_env_CPPFLAGS_set=
ac_cv_env_CPPFLAGS_value=
ac_cv_env_CPP_set=
ac_cv_env_CPP_value=
ac_cv_env_LDFLAGS_set=
ac_cv_env_LDFLAGS_value=
ac_cv_env_LIBS_set=
ac_cv_env_LIBS_value=
ac_cv_env_PKG_CONFIG_LIBDIR_set=
ac_cv_env_PKG_CONFIG_LIBDIR_value=
ac_cv_env_PKG_CONFIG_PATH_set=
ac_cv_env_PKG_CONFIG_PATH_value=
ac_cv_env_PKG_CONFIG_set=
ac_cv_env_PKG_CONFIG_value=
ac_cv_env_XCOWSAY_CFLAGS_set=
ac_cv_env_XCOWSAY_CFLAGS_value=
ac_cv_env_XCOWSAY_LIBS_set=
ac_cv_env_XCOWSAY_LIBS_value=
ac_cv_env_build_alias_set=
ac_cv_env_build_alias_value=
ac_cv_env_host_alias_set=
ac_cv_env_host_alias_value=
ac_cv_env_target_alias_set=
ac_cv_env_target_alias_value=
ac_cv_func_getcwd=yes
ac_cv_func_malloc_0_nonnull=yes
ac_cv_func_realpath=yes
ac_cv_func_setlocale=yes
ac_cv_func_strcasecmp=yes
ac_cv_func_strchr=yes
ac_cv_func_strdup=yes
ac_cv_func_strerror=yes
ac_cv_func_strtol=yes
ac_cv_header_fcntl_h=yes
ac_cv_header_inttypes_h=yes
ac_cv_header_libintl_h=yes
ac_cv_header_limits_h=yes
ac_cv_header_locale_h=yes
ac_cv_header_memory_h=yes
ac_cv_header_stdbool_h=yes
ac_cv_header_stdc=yes
ac_cv_header_stdint_h=yes
ac_cv_header_stdlib_h=yes
ac_cv_header_string_h=yes
ac_cv_header_strings_h=yes
ac_cv_header_sys_stat_h=yes
ac_cv_header_sys_types_h=yes
ac_cv_header_unistd_h=yes
ac_cv_host=x86_64-pc-linux-gnu
ac_cv_objext=o
ac_cv_path_EGREP='/bin/grep -E'
ac_cv_path_GMSGFMT=/usr/bin/msgfmt
ac_cv_path_GREP=/bin/grep
ac_cv_path_MSGFMT=/usr/bin/msgfmt
ac_cv_path_MSGMERGE=/usr/bin/msgmerge
ac_cv_path_SED=/bin/sed
ac_cv_path_XGETTEXT=/usr/bin/xgettext
ac_cv_path_ac_pt_PKG_CONFIG=/usr/bin/pkg-config
ac_cv_path_install='/usr/bin/install -c'
ac_cv_path_mkdir=/bin/mkdir
ac_cv_prog_AWK=gawk
ac_cv_prog_CPP='gcc -E'
ac_cv_prog_ac_ct_CC=gcc
ac_cv_prog_cc_c89=
ac_cv_prog_cc_g=yes
ac_cv_prog_make_make_set=yes
ac_cv_type__Bool=yes
ac_cv_type_pid_t=yes
ac_cv_type_size_t=yes
acl_cv_hardcode_direct=no
acl_cv_hardcode_libdir_flag_spec='${wl}-rpath ${wl}$libdir'
acl_cv_hardcode_libdir_separator=
acl_cv_hardcode_minus_L=no
acl_cv_libext=a
acl_cv_libname_spec='lib$name'
acl_cv_library_names_spec='$libname$shrext'
acl_cv_path_LD=/usr/bin/ld
acl_cv_prog_gnu_ld=yes
acl_cv_rpath=done
acl_cv_shlibext=so
acl_cv_wl=-Wl,
am_cv_CC_dependencies_compiler_type=gcc3
am_cv_make_support_nested_variables=yes
am_cv_prog_cc_c_o=yes
gt_cv_func_CFLocaleCopyCurrent=no
gt_cv_func_CFPreferencesCopyAppValue=no
gt_cv_func_gnugettext1_libc=yes
pkg_cv_XCOWSAY_CFLAGS='-pthread -I/usr/include/gtk-2.0 -I/usr/lib/x86_64-linux-gnu/gtk-2.0/include -I/usr/include/gio-unix-2.0/ -I/usr/include/cairo -I/usr/include/pango-1.0 -I/usr/include/atk-1.0 -I/usr/include/cairo -I/usr/include/pixman-1 -I/usr/include/pango-1.0 -I/usr/include/harfbuzz -I/usr/include/pango-1.0 -I/usr/include/freetype2 -I/usr/include/libpng16 -I/usr/include/freetype2 -I/usr/include/libpng16 -I/usr/include/gdk-pixbuf-2.0 -I/usr/include/libpng16 -I/usr/include/glib-2.0 -I/usr/lib/x86_64-linux-gnu/glib-2.0/include'
pkg_cv_XCOWSAY_LIBS='-lgtk-x11-2.0 -lgdk-x11-2.0 -lpangocairo-1.0 -latk-1.0 -lcairo -lgio-2.0 -lpangoft2-1.0 -lpango-1.0 -lfontconfig -lfreetype -lgdk_pixbuf-2.0 -lgobject-2.0 -lglib-2.0'

## ----------------- ##
## Output variables. ##
## ----------------- ##

ACLOCAL='${SHELL} /home/trickstival/Desktop/xcowsay/missing aclocal-1.15'
AMDEPBACKSLASH='\'
AMDEP_FALSE='#'
AMDEP_TRUE=''
AMTAR='$${TAR-tar}'
AM_BACKSLASH='\'
AM_DEFAULT_V='$(AM_DEFAULT_VERBOSITY)'
AM_DEFAULT_VERBOSITY='1'
AM_V='$(V)'
AUTOCONF='${SHELL} /home/trickstival/Desktop/xcowsay/missing autoconf'
AUTOHEADER='${SHELL} /home/trickstival/Desktop/xcowsay/missing autoheader'
AUTOMAKE='${SHELL} /home/trickstival/Desktop/xcowsay/missing automake-1.15'
AWK='gawk'
CC='gcc'
CCDEPMODE='depmode=gcc3'
CFLAGS='-g -O2'
CPP='gcc -E'
CPPFLAGS=''
CYGPATH_W='echo'
DATADIR='/usr/share/.cowsay'
DEFS='-DHAVE_CONFIG_H'
DEPDIR='.deps'
ECHO_C=''
ECHO_N='-n'
ECHO_T=''
EGREP='/bin/grep -E'
EXEEXT=''
GETTEXT_MACRO_VERSION='0.19'
GMSGFMT='/usr/bin/msgfmt'
GMSGFMT_015='/usr/bin/msgfmt'
GREP='/bin/grep'
INSTALL_DATA='${INSTALL} -m 644'
INSTALL_PROGRAM='${INSTALL}'
INSTALL_SCRIPT='${INSTALL}'
INSTALL_STRIP_PROGRAM='$(install_sh) -c -s'
INTLLIBS=''
INTL_MACOSX_LIBS=''
LDFLAGS=''
LIBICONV='-liconv'
LIBINTL=''
LIBOBJS=''
LIBS=''
LN_S='ln -s'
LOCALEDIR='/usr/local/share/locale'
LTLIBICONV='-liconv'
LTLIBINTL=''
LTLIBOBJS=''
MAKEINFO='${SHELL} /home/trickstival/Desktop/xcowsay/missing makeinfo'
MKDIR_P='/bin/mkdir -p'
MSGFMT='/usr/bin/msgfmt'
MSGFMT_015='/usr/bin/msgfmt'
MSGMERGE='/usr/bin/msgmerge'
OBJEXT='o'
PACKAGE='xcowsay'
PACKAGE_BUGREPORT='Nick Gasson <nick@nick.me.uk>'
PACKAGE_NAME='xcowsay'
PACKAGE_STRING='xcowsay 1.4'
PACKAGE_TARNAME='xcowsay'
PACKAGE_URL=''
PACKAGE_VERSION='1.4'
PATH_SEPARATOR=':'
PKG_CONFIG='/usr/bin/pkg-config'
PKG_CONFIG_LIBDIR=''
PKG_CONFIG_PATH=''
POSUB='po'
SED='/bin/sed'
SET_MAKE=''
SHELL='/bin/bash'
STRIP=''
USE_NLS='yes'
VERSION='1.4'
XCOWSAY_CFLAGS='-pthread -I/usr/include/gtk-2.0 -I/usr/lib/x86_64-linux-gnu/gtk-2.0/include -I/usr/include/gio-unix-2.0/ -I/usr/include/cairo -I/usr/include/pango-1.0 -I/usr/include/atk-1.0 -I/usr/include/cairo -I/usr/include/pixman-1 -I/usr/include/pango-1.0 -I/usr/include/harfbuzz -I/usr/include/pango-1.0 -I/usr/include/freetype2 -I/usr/include/libpng16 -I/usr/include/freetype2 -I/usr/include/libpng16 -I/usr/include/gdk-pixbuf-2.0 -I/usr/include/libpng16 -I/usr/include/glib-2.0 -I/usr/lib/x86_64-linux-gnu/glib-2.0/include'
XCOWSAY_LIBS='-lgtk-x11-2.0 -lgdk-x11-2.0 -lpangocairo-1.0 -latk-1.0 -lcairo -lgio-2.0 -lpangoft2-1.0 -lpango-1.0 -lfontconfig -lfreetype -lgdk_pixbuf-2.0 -lgobject-2.0 -lglib-2.0'
XGETTEXT='/usr/bin/xgettext'
XGETTEXT_015='/usr/bin/xgettext'
XGETTEXT_EXTRA_OPTIONS=''
ac_ct_CC='gcc'
am__EXEEXT_FALSE=''
am__EXEEXT_TRUE='#'
am__fastdepCC_FALSE='#'
am__fastdepCC_TRUE=''
am__include='include'
am__isrc=' -I$(srcdir)'
am__leading_dot='.'
am__nodep='_no'
am__quote=''
am__tar='$${TAR-tar} chof - "$$tardir"'
am__untar='$${TAR-tar} xf -'
bindir='${exec_prefix}/bin'
build='x86_64-pc-linux-gnu'
build_alias=''
build_cpu='x86_64'
build_os='linux-gnu'
build_vendor='pc'
datadir='${datarootdir}'
datarootdir='${prefix}/share'
docdir='${datarootdir}/doc/${PACKAGE_TARNAME}'
dvidir='${docdir}'
exec_prefix='${prefix}'
host='x86_64-pc-linux-gnu'
host_alias=''
host_cpu='x86_64'
host_os='linux-gnu'
host_vendor='pc'
htmldir='${docdir}'
includedir='${prefix}/include'
infodir='${datarootdir}/info'
install_sh='${SHELL} /home/trickstival/Desktop/xcowsay/install-sh'
libdir='${exec_prefix}/lib'
libexecdir='${exec_prefix}/libexec'
localedir='${datarootdir}/locale'
localstatedir='${prefix}/var'
mandir='${datarootdir}/man'
mkdir_p='$(MKDIR_P)'
oldincludedir='/usr/include'
pdfdir='${docdir}'
prefix='/usr/local'
program_transform_name='s,x,x,'
psdir='${docdir}'
runstatedir='${localstatedir}/run'
sbindir='${exec_prefix}/sbin'
sharedstatedir='${prefix}/com'
sysconfdir='${prefix}/etc'
target_alias=''

## ----------- ##
## confdefs.h. ##
## ----------- ##

/* confdefs.h */
#define PACKAGE_NAME "xcowsay"
#define PACKAGE_TARNAME "xcowsay"
#define PACKAGE_VERSION "1.4"
#define PACKAGE_STRING "xcowsay 1.4"
#define PACKAGE_BUGREPORT "Nick Gasson <nick@nick.me.uk>"
#define PACKAGE_URL ""
#define PACKAGE "xcowsay"
#define VERSION "1.4"
#define ENABLE_NLS 1
#define HAVE_GETTEXT 1
#define HAVE_DCGETTEXT 1
#define STDC_HEADERS 1
#define HAVE_SYS_TYPES_H 1
#define HAVE_SYS_STAT_H 1
#define HAVE_STDLIB_H 1
#define HAVE_STRING_H 1
#define HAVE_MEMORY_H 1
#define HAVE_STRINGS_H 1
#define HAVE_INTTYPES_H 1
#define HAVE_STDINT_H 1
#define HAVE_UNISTD_H 1
#define HAVE_FCNTL_H 1
#define HAVE_LIBINTL_H 1
#define HAVE_LOCALE_H 1
#define HAVE_STDLIB_H 1
#define HAVE_STRING_H 1
#define HAVE_LIMITS_H 1
#define HAVE__BOOL 1
#define HAVE_STDBOOL_H 1
#define HAVE_STDLIB_H 1
#define HAVE_MALLOC 1
#define HAVE_STRTOL 1
#define HAVE_SETLOCALE 1
#define HAVE_STRCASECMP 1
#define HAVE_STRDUP 1
#define HAVE_STRCHR 1
#define HAVE_GETCWD 1
#define HAVE_STRERROR 1
#define HAVE_REALPATH 1
#define DATADIR "/usr/share/.cowsay"
#define LOCALEDIR "/usr/local/share/locale"

configure: exit 0
